<!DOCTYPE html>
<html>
  <head>
    <meta charset="utf-8"/>
    <title>Test Report</title>
    <link href="assets/style.css" rel="stylesheet" type="text/css"/></head>
  <body onLoad="init()">
    <script>/* This Source Code Form is subject to the terms of the Mozilla Public
 * License, v. 2.0. If a copy of the MPL was not distributed with this file,
 * You can obtain one at http://mozilla.org/MPL/2.0/. */


function toArray(iter) {
    if (iter === null) {
        return null;
    }
    return Array.prototype.slice.call(iter);
}

function find(selector, elem) { // eslint-disable-line no-redeclare
    if (!elem) {
        elem = document;
    }
    return elem.querySelector(selector);
}

function findAll(selector, elem) {
    if (!elem) {
        elem = document;
    }
    return toArray(elem.querySelectorAll(selector));
}

function sortColumn(elem) {
    toggleSortStates(elem);
    const colIndex = toArray(elem.parentNode.childNodes).indexOf(elem);
    let key;
    if (elem.classList.contains('result')) {
        key = keyResult;
    } else if (elem.classList.contains('links')) {
        key = keyLink;
    } else {
        key = keyAlpha;
    }
    sortTable(elem, key(colIndex));
}

function showAllExtras() { // eslint-disable-line no-unused-vars
    findAll('.col-result').forEach(showExtras);
}

function hideAllExtras() { // eslint-disable-line no-unused-vars
    findAll('.col-result').forEach(hideExtras);
}

function showExtras(colresultElem) {
    const extras = colresultElem.parentNode.nextElementSibling;
    const expandcollapse = colresultElem.firstElementChild;
    extras.classList.remove('collapsed');
    expandcollapse.classList.remove('expander');
    expandcollapse.classList.add('collapser');
}

function hideExtras(colresultElem) {
    const extras = colresultElem.parentNode.nextElementSibling;
    const expandcollapse = colresultElem.firstElementChild;
    extras.classList.add('collapsed');
    expandcollapse.classList.remove('collapser');
    expandcollapse.classList.add('expander');
}

function showFilters() {
    const filterItems = document.getElementsByClassName('filter');
    for (let i = 0; i < filterItems.length; i++)
        filterItems[i].hidden = false;
}

function addCollapse() {
    // Add links for show/hide all
    const resulttable = find('table#results-table');
    const showhideall = document.createElement('p');
    showhideall.innerHTML = '<a href="javascript:showAllExtras()">Show all details</a> / ' +
                            '<a href="javascript:hideAllExtras()">Hide all details</a>';
    resulttable.parentElement.insertBefore(showhideall, resulttable);

    // Add show/hide link to each result
    findAll('.col-result').forEach(function(elem) {
        const collapsed = getQueryParameter('collapsed') || 'Passed';
        const extras = elem.parentNode.nextElementSibling;
        const expandcollapse = document.createElement('span');
        if (extras.classList.contains('collapsed')) {
            expandcollapse.classList.add('expander');
        } else if (collapsed.includes(elem.innerHTML)) {
            extras.classList.add('collapsed');
            expandcollapse.classList.add('expander');
        } else {
            expandcollapse.classList.add('collapser');
        }
        elem.appendChild(expandcollapse);

        elem.addEventListener('click', function(event) {
            if (event.currentTarget.parentNode.nextElementSibling.classList.contains('collapsed')) {
                showExtras(event.currentTarget);
            } else {
                hideExtras(event.currentTarget);
            }
        });
    });
}

function getQueryParameter(name) {
    const match = RegExp('[?&]' + name + '=([^&]*)').exec(window.location.search);
    return match && decodeURIComponent(match[1].replace(/\+/g, ' '));
}

function init () { // eslint-disable-line no-unused-vars
    resetSortHeaders();

    addCollapse();

    showFilters();

    sortColumn(find('.initial-sort'));

    findAll('.sortable').forEach(function(elem) {
        elem.addEventListener('click',
            function() {
                sortColumn(elem);
            }, false);
    });
}

function sortTable(clicked, keyFunc) {
    const rows = findAll('.results-table-row');
    const reversed = !clicked.classList.contains('asc');
    const sortedRows = sort(rows, keyFunc, reversed);
    /* Whole table is removed here because browsers acts much slower
     * when appending existing elements.
     */
    const thead = document.getElementById('results-table-head');
    document.getElementById('results-table').remove();
    const parent = document.createElement('table');
    parent.id = 'results-table';
    parent.appendChild(thead);
    sortedRows.forEach(function(elem) {
        parent.appendChild(elem);
    });
    document.getElementsByTagName('BODY')[0].appendChild(parent);
}

function sort(items, keyFunc, reversed) {
    const sortArray = items.map(function(item, i) {
        return [keyFunc(item), i];
    });

    sortArray.sort(function(a, b) {
        const keyA = a[0];
        const keyB = b[0];

        if (keyA == keyB) return 0;

        if (reversed) {
            return keyA < keyB ? 1 : -1;
        } else {
            return keyA > keyB ? 1 : -1;
        }
    });

    return sortArray.map(function(item) {
        const index = item[1];
        return items[index];
    });
}

function keyAlpha(colIndex) {
    return function(elem) {
        return elem.childNodes[1].childNodes[colIndex].firstChild.data.toLowerCase();
    };
}

function keyLink(colIndex) {
    return function(elem) {
        const dataCell = elem.childNodes[1].childNodes[colIndex].firstChild;
        return dataCell == null ? '' : dataCell.innerText.toLowerCase();
    };
}

function keyResult(colIndex) {
    return function(elem) {
        const strings = ['Error', 'Failed', 'Rerun', 'XFailed', 'XPassed',
            'Skipped', 'Passed'];
        return strings.indexOf(elem.childNodes[1].childNodes[colIndex].firstChild.data);
    };
}

function resetSortHeaders() {
    findAll('.sort-icon').forEach(function(elem) {
        elem.parentNode.removeChild(elem);
    });
    findAll('.sortable').forEach(function(elem) {
        const icon = document.createElement('div');
        icon.className = 'sort-icon';
        icon.textContent = 'vvv';
        elem.insertBefore(icon, elem.firstChild);
        elem.classList.remove('desc', 'active');
        elem.classList.add('asc', 'inactive');
    });
}

function toggleSortStates(elem) {
    //if active, toggle between asc and desc
    if (elem.classList.contains('active')) {
        elem.classList.toggle('asc');
        elem.classList.toggle('desc');
    }

    //if inactive, reset all other functions and add ascending active
    if (elem.classList.contains('inactive')) {
        resetSortHeaders();
        elem.classList.remove('inactive');
        elem.classList.add('active');
    }
}

function isAllRowsHidden(value) {
    return value.hidden == false;
}

function filterTable(elem) { // eslint-disable-line no-unused-vars
    const outcomeAtt = 'data-test-result';
    const outcome = elem.getAttribute(outcomeAtt);
    const classOutcome = outcome + ' results-table-row';
    const outcomeRows = document.getElementsByClassName(classOutcome);

    for(let i = 0; i < outcomeRows.length; i++){
        outcomeRows[i].hidden = !elem.checked;
    }

    const rows = findAll('.results-table-row').filter(isAllRowsHidden);
    const allRowsHidden = rows.length == 0 ? true : false;
    const notFoundMessage = document.getElementById('not-found-message');
    notFoundMessage.hidden = !allRowsHidden;
}
</script>
    <h1>report.html</h1>
    <p>Report generated on 25-Mar-2024 at 14:44:18 by <a href="https://pypi.python.org/pypi/pytest-html">pytest-html</a> v3.1.1</p>
    <h2>Summary</h2>
    <p>12 tests ran in 493.70 seconds. </p>
    <p class="filter" hidden="true">(Un)check the boxes to filter the results.</p><input checked="true" class="filter" data-test-result="passed" hidden="true" name="filter_checkbox" onChange="filterTable(this)" type="checkbox"/><span class="passed">11 passed</span>, <input checked="true" class="filter" data-test-result="skipped" disabled="true" hidden="true" name="filter_checkbox" onChange="filterTable(this)" type="checkbox"/><span class="skipped">0 skipped</span>, <input checked="true" class="filter" data-test-result="failed" hidden="true" name="filter_checkbox" onChange="filterTable(this)" type="checkbox"/><span class="failed">1 failed</span>, <input checked="true" class="filter" data-test-result="error" disabled="true" hidden="true" name="filter_checkbox" onChange="filterTable(this)" type="checkbox"/><span class="error">0 errors</span>, <input checked="true" class="filter" data-test-result="xfailed" disabled="true" hidden="true" name="filter_checkbox" onChange="filterTable(this)" type="checkbox"/><span class="xfailed">0 expected failures</span>, <input checked="true" class="filter" data-test-result="xpassed" disabled="true" hidden="true" name="filter_checkbox" onChange="filterTable(this)" type="checkbox"/><span class="xpassed">0 unexpected passes</span>
    <h2>Results</h2>
    <table id="results-table">
      <thead id="results-table-head">
        <tr>
          <th class="sortable result initial-sort" col="result">Result</th>
          <th class="sortable" col="name">Test</th>
          <th class="sortable" col="duration">Duration</th>
          <th class="sortable links" col="links">Links</th></tr>
        <tr hidden="true" id="not-found-message">
          <th colspan="4">No results found. Try to check the filters</th></tr></thead>
      <tbody class="failed results-table-row">
        <tr>
          <td class="col-result">Failed</td>
          <td class="col-name">Users/Owner/PycharmProjects/Otaku_house/tests/test_ALL_TESTS.py::TestReview_item_test::test_review_item</td>
          <td class="col-duration">0.01</td>
          <td class="col-links"></td></tr>
        <tr>
          <td class="extra" colspan="4">
            <div class="log">self = &lt;tests.tests_api.review_item_api.TestReview_item_test testMethod=test_review_item&gt;<br/><br/>    def test_review_item(self):<br/>        self.response = self.otaku_house_review.choosing_product(self.otaku_house_review.rating,self.otaku_house_review.review_txt,self.otaku_house_review.product_id)<br/>&gt;       self.assertEqual(self.response.status_code, 200)<br/><span class="error">E       AssertionError: 400 != 200</span><br/><br/>tests\tests_api\review_item_api.py:21: AssertionError<br/> ------------------------------Captured stdout call------------------------------ <br/>Choosing Product Response JSON: {&#x27;detail&#x27;: &#x27;Product already reviewed&#x27;}
<br/></div></td></tr></tbody>
      <tbody class="passed results-table-row">
        <tr>
          <td class="col-result">Passed</td>
          <td class="col-name">Users/Owner/PycharmProjects/Otaku_house/tests/test_ALL_TESTS.py::Test_place_order::test_place_order</td>
          <td class="col-duration">0.03</td>
          <td class="col-links"></td></tr>
        <tr>
          <td class="extra" colspan="4">
            <div class="log"> ------------------------------Captured stdout call------------------------------ <br/>Choosing Product Response JSON: {&#x27;_id&#x27;: 77, &#x27;orderItems&#x27;: [{&#x27;_id&#x27;: 82, &#x27;name&#x27;: &#x27;Bleach - Ichigo Kurosaki Honor T-Shirt&#x27;, &#x27;qty&#x27;: 1, &#x27;price&#x27;: &#x27;1499.00&#x27;, &#x27;image&#x27;: &#x27;/media/images/ichigo_shirt.jpg&#x27;, &#x27;product&#x27;: 21, &#x27;order&#x27;: 77}], &#x27;shippingAddress&#x27;: {&#x27;_id&#x27;: 76, &#x27;address&#x27;: &#x27;sakhnin&#x27;, &#x27;city&#x27;: &#x27;sakhnin&#x27;, &#x27;postalCode&#x27;: &#x27;308100&#x27;, &#x27;country&#x27;: &#x27;israel&#x27;, &#x27;shippingPrice&#x27;: None, &#x27;order&#x27;: 77}, &#x27;User&#x27;: {&#x27;id&#x27;: 8, &#x27;_id&#x27;: 8, &#x27;username&#x27;: &#x27;khalidkassom59@gmail.com&#x27;, &#x27;email&#x27;: &#x27;khalidkassom59@gmail.com&#x27;, &#x27;name&#x27;: &#x27;khaliid&#x27;, &#x27;isAdmin&#x27;: False}, &#x27;paymentMethod&#x27;: &#x27;PayPal&#x27;, &#x27;taxPrice&#x27;: &#x27;122.92&#x27;, &#x27;shippingPrice&#x27;: &#x27;0.00&#x27;, &#x27;totalPrice&#x27;: &#x27;1621.92&#x27;, &#x27;isPaid&#x27;: False, &#x27;paidAt&#x27;: None, &#x27;isDeliver&#x27;: False, &#x27;deliveredAt&#x27;: None, &#x27;createdAt&#x27;: &#x27;2024-03-25T18:06:05.101952+05:30&#x27;, &#x27;user&#x27;: 8}
<br/></div></td></tr></tbody>
      <tbody class="passed results-table-row">
        <tr>
          <td class="col-result">Passed</td>
          <td class="col-name">Users/Owner/PycharmProjects/Otaku_house/tests/test_ALL_TESTS.py::gridtest_PlaceOrder::test_run_MyTest</td>
          <td class="col-duration">137.14</td>
          <td class="col-links"></td></tr>
        <tr>
          <td class="extra" colspan="4">
            <div class="empty log">No log output captured.</div></td></tr></tbody>
      <tbody class="passed results-table-row">
        <tr>
          <td class="col-result">Passed</td>
          <td class="col-name">Users/Owner/PycharmProjects/Otaku_house/tests/test_ALL_TESTS.py::TestReview_item_test::test_get_product_page</td>
          <td class="col-duration">0.00</td>
          <td class="col-links"></td></tr>
        <tr>
          <td class="extra" colspan="4">
            <div class="empty log">No log output captured.</div></td></tr></tbody>
      <tbody class="passed results-table-row">
        <tr>
          <td class="col-result">Passed</td>
          <td class="col-name">Users/Owner/PycharmProjects/Otaku_house/tests/test_ALL_TESTS.py::gridtest_review::test_run_MyTest</td>
          <td class="col-duration">21.39</td>
          <td class="col-links"></td></tr>
        <tr>
          <td class="extra" colspan="4">
            <div class="log"> ------------------------------Captured stdout call------------------------------ <br/>Test run encountered an exception: Message: 
Stacktrace:
RemoteError@chrome://remote/content/shared/RemoteError.sys.mjs:8:8
WebDriverError@chrome://remote/content/shared/webdriver/Errors.sys.mjs:192:5
NoSuchElementError@chrome://remote/content/shared/webdriver/Errors.sys.mjs:510:5
dom.find/&lt;/&lt;@chrome://remote/content/shared/DOM.sys.mjs:136:16

Test run encountered an exception: Message: 
Stacktrace:
RemoteError@chrome://remote/content/shared/RemoteError.sys.mjs:8:8
WebDriverError@chrome://remote/content/shared/webdriver/Errors.sys.mjs:192:5
NoSuchElementError@chrome://remote/content/shared/webdriver/Errors.sys.mjs:510:5
dom.find/&lt;/&lt;@chrome://remote/content/shared/DOM.sys.mjs:136:16

<br/></div></td></tr></tbody>
      <tbody class="passed results-table-row">
        <tr>
          <td class="col-result">Passed</td>
          <td class="col-name">Users/Owner/PycharmProjects/Otaku_house/tests/test_ALL_TESTS.py::TestOtakuHouseProfilePage::test_update_profile_mail</td>
          <td class="col-duration">0.19</td>
          <td class="col-links"></td></tr>
        <tr>
          <td class="extra" colspan="4">
            <div class="log"> ------------------------------Captured stdout call------------------------------ <br/>Choosing Product Response JSON: {&#x27;id&#x27;: 8, &#x27;_id&#x27;: 8, &#x27;username&#x27;: &#x27;khalidkassom59@gmail.com&#x27;, &#x27;email&#x27;: &#x27;khalidkassom59@gmail.com&#x27;, &#x27;name&#x27;: &#x27;khaliid&#x27;, &#x27;isAdmin&#x27;: False, &#x27;token&#x27;: &#x27;eyJ0eXAiOiJKV1QiLCJhbGciOiJIUzI1NiJ9.eyJ0b2tlbl90eXBlIjoiYWNjZXNzIiwiZXhwIjoxNzEzOTYyMzI0LCJqdGkiOiIxMjJkODdjYmFlNzQ0MTdlYmEwYjJhZTcwYjA4Y2E2NSIsInVzZXJfaWQiOjh9.9DbNiOWSKfHsUmhGk1SrWJ7szcMMuf7LaWqhdVZN19w&#x27;}
<br/></div></td></tr></tbody>
      <tbody class="passed results-table-row">
        <tr>
          <td class="col-result">Passed</td>
          <td class="col-name">Users/Owner/PycharmProjects/Otaku_house/tests/test_ALL_TESTS.py::TestOtakuHouseProfilePage::test_update_profile_name</td>
          <td class="col-duration">0.19</td>
          <td class="col-links"></td></tr>
        <tr>
          <td class="extra" colspan="4">
            <div class="log"> ------------------------------Captured stdout call------------------------------ <br/>Choosing Product Response JSON: {&#x27;id&#x27;: 8, &#x27;_id&#x27;: 8, &#x27;username&#x27;: &#x27;khalidkassom59@gmail.com&#x27;, &#x27;email&#x27;: &#x27;khalidkassom59@gmail.com&#x27;, &#x27;name&#x27;: &#x27;khalidddddd&#x27;, &#x27;isAdmin&#x27;: False, &#x27;token&#x27;: &#x27;eyJ0eXAiOiJKV1QiLCJhbGciOiJIUzI1NiJ9.eyJ0b2tlbl90eXBlIjoiYWNjZXNzIiwiZXhwIjoxNzEzOTYyMzI0LCJqdGkiOiI2OTNjZjcyY2MzZGE0Nzg3YTRkZjcyODg2MzM2MDY0ZiIsInVzZXJfaWQiOjh9.ad_ZxnzqfDNR1WkBP8UNBY-YnwC0t09_j79ijKLMnok&#x27;}
<br/></div></td></tr></tbody>
      <tbody class="passed results-table-row">
        <tr>
          <td class="col-result">Passed</td>
          <td class="col-name">Users/Owner/PycharmProjects/Otaku_house/tests/test_ALL_TESTS.py::TestOtakuHouseProfilePage::test_update_profile_password</td>
          <td class="col-duration">0.19</td>
          <td class="col-links"></td></tr>
        <tr>
          <td class="extra" colspan="4">
            <div class="log"> ------------------------------Captured stdout call------------------------------ <br/>Choosing Product Response JSON: {&#x27;id&#x27;: 8, &#x27;_id&#x27;: 8, &#x27;username&#x27;: &#x27;khalidkassom59@gmail.com&#x27;, &#x27;email&#x27;: &#x27;khalidkassom59@gmail.com&#x27;, &#x27;name&#x27;: &#x27;khaliid&#x27;, &#x27;isAdmin&#x27;: False, &#x27;token&#x27;: &#x27;eyJ0eXAiOiJKV1QiLCJhbGciOiJIUzI1NiJ9.eyJ0b2tlbl90eXBlIjoiYWNjZXNzIiwiZXhwIjoxNzEzOTYyMzI0LCJqdGkiOiI0ZWMyZWRiYzE1ZWQ0ODk4YTc2YmI1YjE2N2VhN2JmMCIsInVzZXJfaWQiOjh9.RwxVvY0dWY3Ror9H7HLQAA9vJzMc-hTR8ZtlcxQCGd8&#x27;}
<br/></div></td></tr></tbody>
      <tbody class="passed results-table-row">
        <tr>
          <td class="col-result">Passed</td>
          <td class="col-name">Users/Owner/PycharmProjects/Otaku_house/tests/test_ALL_TESTS.py::gridtest_update::test_run_MyTest</td>
          <td class="col-duration">9.65</td>
          <td class="col-links"></td></tr>
        <tr>
          <td class="extra" colspan="4">
            <div class="empty log">No log output captured.</div></td></tr></tbody>
      <tbody class="passed results-table-row">
        <tr>
          <td class="col-result">Passed</td>
          <td class="col-name">Users/Owner/PycharmProjects/Otaku_house/tests/test_ALL_TESTS.py::test_run_suite</td>
          <td class="col-duration">12.24</td>
          <td class="col-links"></td></tr>
        <tr>
          <td class="extra" colspan="4">
            <div class="log"> ------------------------------Captured stdout call------------------------------ <br/>Choosing Product Response JSON: {&#x27;_id&#x27;: 78, &#x27;orderItems&#x27;: [{&#x27;_id&#x27;: 83, &#x27;name&#x27;: &#x27;Bleach - Ichigo Kurosaki Honor T-Shirt&#x27;, &#x27;qty&#x27;: 1, &#x27;price&#x27;: &#x27;1499.00&#x27;, &#x27;image&#x27;: &#x27;/media/images/ichigo_shirt.jpg&#x27;, &#x27;product&#x27;: 21, &#x27;order&#x27;: 78}], &#x27;shippingAddress&#x27;: {&#x27;_id&#x27;: 77, &#x27;address&#x27;: &#x27;sakhnin&#x27;, &#x27;city&#x27;: &#x27;sakhnin&#x27;, &#x27;postalCode&#x27;: &#x27;308100&#x27;, &#x27;country&#x27;: &#x27;israel&#x27;, &#x27;shippingPrice&#x27;: None, &#x27;order&#x27;: 78}, &#x27;User&#x27;: {&#x27;id&#x27;: 8, &#x27;_id&#x27;: 8, &#x27;username&#x27;: &#x27;khalidkassom59@gmail.com&#x27;, &#x27;email&#x27;: &#x27;khalidkassom59@gmail.com&#x27;, &#x27;name&#x27;: &#x27;khaliid&#x27;, &#x27;isAdmin&#x27;: False}, &#x27;paymentMethod&#x27;: &#x27;PayPal&#x27;, &#x27;taxPrice&#x27;: &#x27;122.92&#x27;, &#x27;shippingPrice&#x27;: &#x27;0.00&#x27;, &#x27;totalPrice&#x27;: &#x27;1621.92&#x27;, &#x27;isPaid&#x27;: False, &#x27;paidAt&#x27;: None, &#x27;isDeliver&#x27;: False, &#x27;deliveredAt&#x27;: None, &#x27;createdAt&#x27;: &#x27;2024-03-25T18:08:54.073055+05:30&#x27;, &#x27;user&#x27;: 8}
<br/> ------------------------------Captured stderr call------------------------------ <br/>test_place_order (tests.tests_api.placeOrder_api.Test_place_order.test_place_order) ... ok
test_run_MyTest (tests.tests_ui.place_order_ui.gridtest_PlaceOrder.test_run_MyTest) ... ok

----------------------------------------------------------------------
Ran 2 tests in 12.244s

OK
<br/> -------------------------------Captured log call-------------------------------- <br/>WARNING  urllib3.connectionpool:connectionpool.py:323 Connection pool is full, discarding connection: localhost. Connection pool size: 1<br/></div></td></tr></tbody>
      <tbody class="passed results-table-row">
        <tr>
          <td class="col-result">Passed</td>
          <td class="col-name">Users/Owner/PycharmProjects/Otaku_house/tests/test_ALL_TESTS.py::test_run_second_suite</td>
          <td class="col-duration">297.52</td>
          <td class="col-links"></td></tr>
        <tr>
          <td class="extra" colspan="4">
            <div class="log"> ------------------------------Captured stdout call------------------------------ <br/>Choosing Product Response JSON: {&#x27;detail&#x27;: &#x27;Product already reviewed&#x27;}
Test run encountered an exception: Message: 
Stacktrace:
RemoteError@chrome://remote/content/shared/RemoteError.sys.mjs:8:8
WebDriverError@chrome://remote/content/shared/webdriver/Errors.sys.mjs:192:5
NoSuchElementError@chrome://remote/content/shared/webdriver/Errors.sys.mjs:510:5
dom.find/&lt;/&lt;@chrome://remote/content/shared/DOM.sys.mjs:136:16

Test run encountered an exception: Message: 
Stacktrace:
RemoteError@chrome://remote/content/shared/RemoteError.sys.mjs:8:8
WebDriverError@chrome://remote/content/shared/webdriver/Errors.sys.mjs:192:5
NoSuchElementError@chrome://remote/content/shared/webdriver/Errors.sys.mjs:510:5
dom.find/&lt;/&lt;@chrome://remote/content/shared/DOM.sys.mjs:136:16

<br/> ------------------------------Captured stderr call------------------------------ <br/>test_get_product_page (tests.tests_api.review_item_api.TestReview_item_test.test_get_product_page) ... ok
test_review_item (tests.tests_api.review_item_api.TestReview_item_test.test_review_item) ... FAIL
test_run_MyTest (tests.tests_ui.review_ITEMM_UI.gridtest_review.test_run_MyTest) ... ok

======================================================================
FAIL: test_review_item (tests.tests_api.review_item_api.TestReview_item_test.test_review_item)
----------------------------------------------------------------------
Traceback (most recent call last):
  File &quot;C:\ProgramData\Jenkins\.jenkins\workspace\OTAKUU\tests\tests_api\review_item_api.py&quot;, line 21, in test_review_item
    self.assertEqual(self.response.status_code, 200)
AssertionError: 400 != 200

----------------------------------------------------------------------
Ran 3 tests in 297.511s

FAILED (failures=1)
<br/></div></td></tr></tbody>
      <tbody class="passed results-table-row">
        <tr>
          <td class="col-result">Passed</td>
          <td class="col-name">Users/Owner/PycharmProjects/Otaku_house/tests/test_ALL_TESTS.py::test_run_third_suite</td>
          <td class="col-duration">14.51</td>
          <td class="col-links"></td></tr>
        <tr>
          <td class="extra" colspan="4">
            <div class="log"> ------------------------------Captured stdout call------------------------------ <br/>Choosing Product Response JSON: {&#x27;id&#x27;: 8, &#x27;_id&#x27;: 8, &#x27;username&#x27;: &#x27;khalidkassom59@gmail.com&#x27;, &#x27;email&#x27;: &#x27;khalidkassom59@gmail.com&#x27;, &#x27;name&#x27;: &#x27;khaliid&#x27;, &#x27;isAdmin&#x27;: False, &#x27;token&#x27;: &#x27;eyJ0eXAiOiJKV1QiLCJhbGciOiJIUzI1NiJ9.eyJ0b2tlbl90eXBlIjoiYWNjZXNzIiwiZXhwIjoxNzEzOTYyNjQ0LCJqdGkiOiJiM2ZlMDI5ZDA4ZTc0NjIzYWI5MmZkNTA4M2RhMjQ4ZiIsInVzZXJfaWQiOjh9.hnY3kbMRs7T5mD_aIKxnyESQGZvpDBdoRAlG5u-wTSI&#x27;}
Choosing Product Response JSON: {&#x27;id&#x27;: 8, &#x27;_id&#x27;: 8, &#x27;username&#x27;: &#x27;khalidkassom59@gmail.com&#x27;, &#x27;email&#x27;: &#x27;khalidkassom59@gmail.com&#x27;, &#x27;name&#x27;: &#x27;khalidddddd&#x27;, &#x27;isAdmin&#x27;: False, &#x27;token&#x27;: &#x27;eyJ0eXAiOiJKV1QiLCJhbGciOiJIUzI1NiJ9.eyJ0b2tlbl90eXBlIjoiYWNjZXNzIiwiZXhwIjoxNzEzOTYyNjQ0LCJqdGkiOiI1OWZjNzhmNjExNzM0ZThiOTViMzc1NDlkYmRkYTY4ZCIsInVzZXJfaWQiOjh9.2MJyJPU2QQ_5inQhMHtD8aOMDQ_oGw5Lz7O7yGNuT_U&#x27;}
Choosing Product Response JSON: {&#x27;id&#x27;: 8, &#x27;_id&#x27;: 8, &#x27;username&#x27;: &#x27;khalidkassom59@gmail.com&#x27;, &#x27;email&#x27;: &#x27;khalidkassom59@gmail.com&#x27;, &#x27;name&#x27;: &#x27;khaliid&#x27;, &#x27;isAdmin&#x27;: False, &#x27;token&#x27;: &#x27;eyJ0eXAiOiJKV1QiLCJhbGciOiJIUzI1NiJ9.eyJ0b2tlbl90eXBlIjoiYWNjZXNzIiwiZXhwIjoxNzEzOTYyNjQ0LCJqdGkiOiJhOGRmZDYxZjhmNzY0NWNmYjRjMjY0NTliZjAwMGU2MiIsInVzZXJfaWQiOjh9.z1HUN96O8TtOWM4vEzMXeUMBsn6y31zSQBYr0I2bqL4&#x27;}
<br/> ------------------------------Captured stderr call------------------------------ <br/>test_update_profile_mail (tests.tests_api.updateProfile_testAPI.TestOtakuHouseProfilePage.test_update_profile_mail) ... ok
test_update_profile_name (tests.tests_api.updateProfile_testAPI.TestOtakuHouseProfilePage.test_update_profile_name) ... ok
test_update_profile_password (tests.tests_api.updateProfile_testAPI.TestOtakuHouseProfilePage.test_update_profile_password) ... ok
test_run_MyTest (tests.tests_ui.UPDATEprofile_test.gridtest_update.test_run_MyTest) ... ok

----------------------------------------------------------------------
Ran 4 tests in 14.508s

OK
<br/></div></td></tr></tbody></table></body></html>